c:\dev\net2d\net2d\project1\x64\debug\vc143.pdb
c:\dev\net2d\net2d\project1\x64\debug\vc143.idb
c:\dev\net2d\net2d\project1\x64\debug\texture.obj
c:\dev\net2d\net2d\project1\x64\debug\main.obj
c:\dev\net2d\net2d\project1\x64\debug\stb_image.obj
c:\dev\net2d\net2d\project1\x64\debug\engine.obj
c:\dev\net2d\net2d\project1\x64\debug\camera.obj
c:\dev\net2d\net2d\project1\x64\debug\spritemanager.obj
c:\dev\net2d\net2d\project1\x64\debug\window.obj
c:\dev\net2d\net2d\project1\x64\debug\renderer.obj
c:\dev\net2d\net2d\project1\x64\debug\resourcemanager.obj
c:\dev\net2d\net2d\x64\debug\project1.exe
c:\dev\net2d\net2d\x64\debug\project1.pdb
c:\dev\net2d\net2d\x64\debug\glfw3.dll
c:\dev\net2d\net2d\project1\x64\debug\project1.ilk
c:\dev\net2d\net2d\project1\x64\debug\project1.tlog\cl.command.1.tlog
c:\dev\net2d\net2d\project1\x64\debug\project1.tlog\cl.items.tlog
c:\dev\net2d\net2d\project1\x64\debug\project1.tlog\cl.read.1.tlog
c:\dev\net2d\net2d\project1\x64\debug\project1.tlog\cl.write.1.tlog
c:\dev\net2d\net2d\project1\x64\debug\project1.tlog\link.command.1.tlog
c:\dev\net2d\net2d\project1\x64\debug\project1.tlog\link.read.1.tlog
c:\dev\net2d\net2d\project1\x64\debug\project1.tlog\link.secondary.1.tlog
c:\dev\net2d\net2d\project1\x64\debug\project1.tlog\link.write.1.tlog
c:\dev\net2d\net2d\project1\x64\debug\project1.tlog\project1.write.1u.tlog
